2017-10-21 18:14:52.081	Initialized: Admin count: 0, Miner count: 0, ledger rows: 1
2017-10-21 18:14:53.379	Grant: (00000000-20f38057-00000001-20f38057) (0-4294967295, 1508598892), In consensus: 1, Admin count: 0, Miner count: 0
2017-10-21 18:14:53.379	Grant: (00000000-20f38057-00000002-20f38057) (0-4294967295, 1508598892), In consensus: 1, Admin count: 0, Miner count: 0
2017-10-21 18:14:53.379	Grant: (00000000-20f38057-00000004-20f38057) (0-4294967295, 1508598892), In consensus: 1, Admin count: 0, Miner count: 0
2017-10-21 18:14:53.379	Grant: (00000000-20f38057-00000020-20f38057) (0-4294967295, 1508598892), In consensus: 1, Admin count: 0, Miner count: 0
2017-10-21 18:14:53.379	Grant: (00000000-20f38057-00000010-20f38057) (0-4294967295, 1508598892), In consensus: 1, Admin count: 0, Miner count: 0
2017-10-21 18:14:53.379	Grant: (00000000-20f38057-00002000-20f38057) (0-4294967295, 1508598892), In consensus: 1, Admin count: 0, Miner count: 0
2017-10-21 18:14:53.379	Grant: (00000000-20f38057-00000100-20f38057) (0-4294967295, 1508598892), In consensus: 1, Admin count: 0, Miner count: 1
2017-10-21 18:14:53.379	Grant: (00000000-20f38057-00001000-20f38057) (0-4294967295, 1508598892), In consensus: 1, Admin count: 1, Miner count: 1
2017-10-21 18:14:53.379	Grant: (74a0bc16-00000000-00000001-20f38057) (0-4294967295, 0), In consensus: 1, Admin count: 1, Miner count: 1
2017-10-21 18:14:53.379	Grant: (74a0bc16-20f38057-00000008-20f38057) (0-4294967295, 0), In consensus: 1, Admin count: 1, Miner count: 1
2017-10-21 18:14:53.380	Grant: (74a0bc16-20f38057-00002000-20f38057) (0-4294967295, 0), In consensus: 1, Admin count: 1, Miner count: 1
2017-10-21 18:14:53.380	Grant: (74a0bc16-20f38057-00001000-20f38057) (0-4294967295, 0), In consensus: 1, Admin count: 1, Miner count: 1
2017-10-21 18:14:53.468	Block commit:         0 (Hash: 930fc74c, Miner: 20f38057), Admin count: 1, Miner count: 1, Ledger Rows: 15
2017-10-21 18:14:53.837	Block commit:         1 (Hash: 5ee30346, Miner: 20f38057), Admin count: 1, Miner count: 1, Ledger Rows: 17
2017-10-21 18:14:54.216	Block commit:         2 (Hash: d15ee82b, Miner: 20f38057), Admin count: 1, Miner count: 1, Ledger Rows: 19
2017-10-21 18:15:06.663	Block commit:         3 (Hash: c7123b89, Miner: 20f38057), Admin count: 1, Miner count: 1, Ledger Rows: 21
2017-10-21 18:15:20.188	Block commit:         4 (Hash: 10d3be25, Miner: 20f38057), Admin count: 1, Miner count: 1, Ledger Rows: 23
2017-10-21 18:15:33.735	Block commit:         5 (Hash: 8d3f1997, Miner: 20f38057), Admin count: 1, Miner count: 1, Ledger Rows: 25
2017-10-21 18:15:52.815	Block commit:         6 (Hash: a3963084, Miner: 20f38057), Admin count: 1, Miner count: 1, Ledger Rows: 27
2017-10-21 18:16:15.154	Block commit:         7 (Hash: eabdf747, Miner: 20f38057), Admin count: 1, Miner count: 1, Ledger Rows: 29
2017-10-21 18:16:25.379	Block commit:         8 (Hash: 7368ec64, Miner: 20f38057), Admin count: 1, Miner count: 1, Ledger Rows: 31
2017-10-21 18:16:41.104	Block commit:         9 (Hash: ff41d8b5, Miner: 20f38057), Admin count: 1, Miner count: 1, Ledger Rows: 33
2017-10-21 18:17:03.706	Block commit:        10 (Hash: 14c80a07, Miner: 20f38057), Admin count: 1, Miner count: 1, Ledger Rows: 35
2017-10-21 18:17:19.466	Block commit:        11 (Hash: 10ab098c, Miner: 20f38057), Admin count: 1, Miner count: 1, Ledger Rows: 37
2017-10-21 18:17:36.395	Block commit:        12 (Hash: 90673523, Miner: 20f38057), Admin count: 1, Miner count: 1, Ledger Rows: 39
2017-10-21 18:17:52.422	Block commit:        13 (Hash: 1505b980, Miner: 20f38057), Admin count: 1, Miner count: 1, Ledger Rows: 41
2017-10-21 18:17:57.202	Block commit:        14 (Hash: 74f5d5be, Miner: 20f38057), Admin count: 1, Miner count: 1, Ledger Rows: 43
2017-10-21 18:18:18.474	Block commit:        15 (Hash: bb993292, Miner: 20f38057), Admin count: 1, Miner count: 1, Ledger Rows: 45
2017-10-21 18:18:30.922	Block commit:        16 (Hash: b190ebda, Miner: 20f38057), Admin count: 1, Miner count: 1, Ledger Rows: 47
2017-10-21 18:18:37.879	Block commit:        17 (Hash: 4270affb, Miner: 20f38057), Admin count: 1, Miner count: 1, Ledger Rows: 49
2017-10-21 18:18:54.739	Block commit:        18 (Hash: 48b6bf89, Miner: 20f38057), Admin count: 1, Miner count: 1, Ledger Rows: 51
2017-10-21 18:19:14.887	Block commit:        19 (Hash: 6c87fb50, Miner: 20f38057), Admin count: 1, Miner count: 1, Ledger Rows: 53
2017-10-21 18:19:27.690	Block commit:        20 (Hash: 71229922, Miner: 20f38057), Admin count: 1, Miner count: 1, Ledger Rows: 55
2017-10-21 18:19:49.230	Grant: (00000000-80a225d1-00000001-20f38057) (0-4294967295, 1508599189), In consensus: 1, Admin count: 1, Miner count: 1
2017-10-21 18:19:54.904	Grant: (00000000-80a225d1-00000001-20f38057) (0-4294967295, 1508599194), In consensus: 1, Admin count: 1, Miner count: 1
2017-10-21 18:19:54.904	Grant: (00000000-80a225d1-00000002-20f38057) (0-4294967295, 1508599194), In consensus: 1, Admin count: 1, Miner count: 1
2017-10-21 18:19:54.904	Grant: (00000000-80a225d1-00000004-20f38057) (0-4294967295, 1508599194), In consensus: 1, Admin count: 1, Miner count: 1
2017-10-21 18:20:04.228	Mempool copy:        20, Admin count: 1, Miner count: 1, Ledger Rows: 59
2017-10-21 18:20:04.287	Mempool ramv:        20, Admin count: 1, Miner count: 1, Ledger Rows: 59
2017-10-21 18:20:04.288	Mempool copy:        20, Admin count: 1, Miner count: 1, Ledger Rows: 59
2017-10-21 18:20:04.288	Mempool clr :        20, Admin count: 1, Miner count: 1, Ledger Rows: 55
2017-10-21 18:20:04.288	Mempool rstr:        20, Admin count: 1, Miner count: 1, Ledger Rows: 59
2017-10-21 18:20:04.288	Mempool clr :        20, Admin count: 1, Miner count: 1, Ledger Rows: 55
2017-10-21 18:20:04.288	Grant: (00000000-80a225d1-00000001-20f38057) (0-4294967295, 1508599189), In consensus: 1, Admin count: 1, Miner count: 1
2017-10-21 18:20:04.289	Grant: (00000000-80a225d1-00000001-20f38057) (0-4294967295, 1508599194), In consensus: 1, Admin count: 1, Miner count: 1
2017-10-21 18:20:04.289	Grant: (00000000-80a225d1-00000002-20f38057) (0-4294967295, 1508599194), In consensus: 1, Admin count: 1, Miner count: 1
2017-10-21 18:20:04.289	Grant: (00000000-80a225d1-00000004-20f38057) (0-4294967295, 1508599194), In consensus: 1, Admin count: 1, Miner count: 1
2017-10-21 18:20:04.388	Block commit:        21 (Hash: 3c2df0ef, Miner: 20f38057), Admin count: 1, Miner count: 1, Ledger Rows: 61
2017-10-21 18:20:04.756	Block commit:        22 (Hash: c7db6103, Miner: 20f38057), Admin count: 1, Miner count: 1, Ledger Rows: 63
2017-10-21 18:20:13.892	Block commit:        23 (Hash: 1eb6897d, Miner: 20f38057), Admin count: 1, Miner count: 1, Ledger Rows: 65
2017-10-21 18:20:34.031	Block commit:        24 (Hash: c907f7d5, Miner: 20f38057), Admin count: 1, Miner count: 1, Ledger Rows: 67
2017-10-21 18:20:53.092	Block commit:        25 (Hash: 39850ebe, Miner: 20f38057), Admin count: 1, Miner count: 1, Ledger Rows: 69
2017-10-21 18:21:01.151	Block commit:        26 (Hash: a78b5f9b, Miner: 20f38057), Admin count: 1, Miner count: 1, Ledger Rows: 71
2017-10-21 18:21:23.477	Block commit:        27 (Hash: b578ddb7, Miner: 20f38057), Admin count: 1, Miner count: 1, Ledger Rows: 73
2017-10-21 18:21:26.068	Block commit:        28 (Hash: a1fa0602, Miner: 20f38057), Admin count: 1, Miner count: 1, Ledger Rows: 75
2017-10-21 18:21:48.464	Block commit:        29 (Hash: 38d97654, Miner: 20f38057), Admin count: 1, Miner count: 1, Ledger Rows: 77
2017-10-21 18:21:53.854	Grant: (78a08852-00000000-00000001-20f38057) (0-4294967295, 0), In consensus: 1, Admin count: 1, Miner count: 1
2017-10-21 18:21:53.854	Grant: (78a08852-20f38057-00000010-20f38057) (0-4294967295, 0), In consensus: 1, Admin count: 1, Miner count: 1
2017-10-21 18:21:53.854	Grant: (78a08852-20f38057-00001000-20f38057) (0-4294967295, 0), In consensus: 1, Admin count: 1, Miner count: 1
2017-10-21 18:22:07.375	Mempool copy:        29, Admin count: 1, Miner count: 1, Ledger Rows: 80
2017-10-21 18:22:07.423	Mempool ramv:        29, Admin count: 1, Miner count: 1, Ledger Rows: 80
2017-10-21 18:22:07.423	Mempool copy:        29, Admin count: 1, Miner count: 1, Ledger Rows: 80
2017-10-21 18:22:07.423	Mempool clr :        29, Admin count: 1, Miner count: 1, Ledger Rows: 77
2017-10-21 18:22:07.424	Mempool rstr:        29, Admin count: 1, Miner count: 1, Ledger Rows: 80
2017-10-21 18:22:07.424	Mempool clr :        29, Admin count: 1, Miner count: 1, Ledger Rows: 77
2017-10-21 18:22:07.424	Grant: (78a08852-00000000-00000001-20f38057) (0-4294967295, 0), In consensus: 1, Admin count: 1, Miner count: 1
2017-10-21 18:22:07.424	Grant: (78a08852-20f38057-00000010-20f38057) (0-4294967295, 0), In consensus: 1, Admin count: 1, Miner count: 1
2017-10-21 18:22:07.424	Grant: (78a08852-20f38057-00001000-20f38057) (0-4294967295, 0), In consensus: 1, Admin count: 1, Miner count: 1
2017-10-21 18:22:07.501	Block commit:        30 (Hash: 15653c15, Miner: 20f38057), Admin count: 1, Miner count: 1, Ledger Rows: 82
2017-10-21 18:22:08.405	Grant: (0a9348a9-00000000-00000001-20f38057) (0-4294967295, 0), In consensus: 1, Admin count: 1, Miner count: 1
2017-10-21 18:22:08.405	Grant: (0a9348a9-20f38057-00000010-20f38057) (0-4294967295, 0), In consensus: 1, Admin count: 1, Miner count: 1
2017-10-21 18:22:08.405	Grant: (0a9348a9-20f38057-00001000-20f38057) (0-4294967295, 0), In consensus: 1, Admin count: 1, Miner count: 1
2017-10-21 18:22:20.934	Mempool copy:        30, Admin count: 1, Miner count: 1, Ledger Rows: 85
2017-10-21 18:22:20.983	Mempool ramv:        30, Admin count: 1, Miner count: 1, Ledger Rows: 85
2017-10-21 18:22:20.983	Mempool copy:        30, Admin count: 1, Miner count: 1, Ledger Rows: 85
2017-10-21 18:22:20.984	Mempool clr :        30, Admin count: 1, Miner count: 1, Ledger Rows: 82
2017-10-21 18:22:20.984	Mempool rstr:        30, Admin count: 1, Miner count: 1, Ledger Rows: 85
2017-10-21 18:22:20.984	Mempool clr :        30, Admin count: 1, Miner count: 1, Ledger Rows: 82
2017-10-21 18:22:20.984	Grant: (0a9348a9-00000000-00000001-20f38057) (0-4294967295, 0), In consensus: 1, Admin count: 1, Miner count: 1
2017-10-21 18:22:20.984	Grant: (0a9348a9-20f38057-00000010-20f38057) (0-4294967295, 0), In consensus: 1, Admin count: 1, Miner count: 1
2017-10-21 18:22:20.984	Grant: (0a9348a9-20f38057-00001000-20f38057) (0-4294967295, 0), In consensus: 1, Admin count: 1, Miner count: 1
2017-10-21 18:22:21.072	Block commit:        31 (Hash: 0d6d6b0a, Miner: 20f38057), Admin count: 1, Miner count: 1, Ledger Rows: 87
2017-10-21 18:22:30.243	Block commit:        32 (Hash: b3d9f47a, Miner: 20f38057), Admin count: 1, Miner count: 1, Ledger Rows: 89
2017-10-21 18:22:42.715	Block commit:        33 (Hash: 977cf624, Miner: 20f38057), Admin count: 1, Miner count: 1, Ledger Rows: 91
2017-10-21 18:23:10.588	Block commit:        34 (Hash: a81e33a8, Miner: 20f38057), Admin count: 1, Miner count: 1, Ledger Rows: 93
2017-10-21 18:23:18.670	Block commit:        35 (Hash: e66d5fcf, Miner: 20f38057), Admin count: 1, Miner count: 1, Ledger Rows: 95
2017-10-21 18:23:37.753	Block commit:        36 (Hash: 921d3d27, Miner: 20f38057), Admin count: 1, Miner count: 1, Ledger Rows: 97
2017-10-21 18:23:55.735	Block commit:        37 (Hash: a439f1fd, Miner: 20f38057), Admin count: 1, Miner count: 1, Ledger Rows: 99
2017-10-21 18:24:07.094	Block commit:        38 (Hash: c10cdd5a, Miner: 20f38057), Admin count: 1, Miner count: 1, Ledger Rows: 101
2017-10-21 18:24:16.253	Block commit:        39 (Hash: ee609bcb, Miner: 20f38057), Admin count: 1, Miner count: 1, Ledger Rows: 103
2017-10-21 18:24:40.793	Block commit:        40 (Hash: 947741d5, Miner: 20f38057), Admin count: 1, Miner count: 1, Ledger Rows: 105
2017-10-21 18:24:46.706	Block commit:        41 (Hash: 6d85f798, Miner: 20f38057), Admin count: 1, Miner count: 1, Ledger Rows: 107
2017-10-21 18:25:10.189	Block commit:        42 (Hash: a5a5452a, Miner: 20f38057), Admin count: 1, Miner count: 1, Ledger Rows: 109
2017-10-21 18:25:25.958	Block commit:        43 (Hash: 02b41f6b, Miner: 20f38057), Admin count: 1, Miner count: 1, Ledger Rows: 111
2017-10-21 18:25:36.195	Block commit:        44 (Hash: ca422d84, Miner: 20f38057), Admin count: 1, Miner count: 1, Ledger Rows: 113
2017-10-21 18:25:54.167	Block commit:        45 (Hash: db330738, Miner: 20f38057), Admin count: 1, Miner count: 1, Ledger Rows: 115
2017-10-21 18:26:07.726	Block commit:        46 (Hash: e41f6290, Miner: 20f38057), Admin count: 1, Miner count: 1, Ledger Rows: 117
2017-10-21 18:26:23.508	Block commit:        47 (Hash: d42df1b4, Miner: 20f38057), Admin count: 1, Miner count: 1, Ledger Rows: 119
2017-10-21 18:26:41.434	Block commit:        48 (Hash: 9f42673b, Miner: 20f38057), Admin count: 1, Miner count: 1, Ledger Rows: 121
2017-10-21 18:26:59.384	Block commit:        49 (Hash: 8f0eb6f0, Miner: 20f38057), Admin count: 1, Miner count: 1, Ledger Rows: 123
2017-10-21 18:27:14.066	Block commit:        50 (Hash: 319aeb5d, Miner: 20f38057), Admin count: 1, Miner count: 1, Ledger Rows: 125
2017-10-21 18:27:26.514	Block commit:        51 (Hash: 510cee58, Miner: 20f38057), Admin count: 1, Miner count: 1, Ledger Rows: 127
2017-10-21 18:27:37.908	Block commit:        52 (Hash: 2a5defe6, Miner: 20f38057), Admin count: 1, Miner count: 1, Ledger Rows: 129
2017-10-21 18:28:00.781	Block commit:        53 (Hash: 244ada5b, Miner: 20f38057), Admin count: 1, Miner count: 1, Ledger Rows: 131
2017-10-21 18:28:17.628	Block commit:        54 (Hash: 3830d081, Miner: 20f38057), Admin count: 1, Miner count: 1, Ledger Rows: 133
2017-10-21 18:28:33.365	Block commit:        55 (Hash: c6bf19f0, Miner: 20f38057), Admin count: 1, Miner count: 1, Ledger Rows: 135
2017-10-21 18:28:45.846	Block commit:        56 (Hash: a72c9351, Miner: 20f38057), Admin count: 1, Miner count: 1, Ledger Rows: 137
2017-10-21 18:28:56.138	Block commit:        57 (Hash: 7c93910b, Miner: 20f38057), Admin count: 1, Miner count: 1, Ledger Rows: 139
2017-10-21 18:29:18.466	Block commit:        58 (Hash: 9b81e4ab, Miner: 20f38057), Admin count: 1, Miner count: 1, Ledger Rows: 141
2017-10-21 18:29:33.103	Block commit:        59 (Hash: 3bfca34e, Miner: 20f38057), Admin count: 1, Miner count: 1, Ledger Rows: 143
2017-10-21 18:43:27.883	Grant: (772a0bca-00000000-00000001-20f38057) (0-4294967295, 0), In consensus: 1, Admin count: 1, Miner count: 1
2017-10-21 18:43:27.883	Grant: (772a0bca-20f38057-00000010-20f38057) (0-4294967295, 0), In consensus: 1, Admin count: 1, Miner count: 1
2017-10-21 18:43:27.883	Grant: (772a0bca-20f38057-00001000-20f38057) (0-4294967295, 0), In consensus: 1, Admin count: 1, Miner count: 1
2017-10-21 18:43:46.038	Mempool copy:        59, Admin count: 1, Miner count: 1, Ledger Rows: 146
2017-10-21 18:43:46.083	Mempool ramv:        59, Admin count: 1, Miner count: 1, Ledger Rows: 146
2017-10-21 18:43:46.084	Mempool copy:        59, Admin count: 1, Miner count: 1, Ledger Rows: 146
2017-10-21 18:43:46.084	Mempool clr :        59, Admin count: 1, Miner count: 1, Ledger Rows: 143
2017-10-21 18:43:46.084	Mempool rstr:        59, Admin count: 1, Miner count: 1, Ledger Rows: 146
2017-10-21 18:43:46.084	Mempool clr :        59, Admin count: 1, Miner count: 1, Ledger Rows: 143
2017-10-21 18:43:46.084	Grant: (772a0bca-00000000-00000001-20f38057) (0-4294967295, 0), In consensus: 1, Admin count: 1, Miner count: 1
2017-10-21 18:43:46.084	Grant: (772a0bca-20f38057-00000010-20f38057) (0-4294967295, 0), In consensus: 1, Admin count: 1, Miner count: 1
2017-10-21 18:43:46.084	Grant: (772a0bca-20f38057-00001000-20f38057) (0-4294967295, 0), In consensus: 1, Admin count: 1, Miner count: 1
2017-10-21 18:43:46.161	Block commit:        60 (Hash: 8e97c395, Miner: 20f38057), Admin count: 1, Miner count: 1, Ledger Rows: 148
2017-10-21 18:43:52.065	Block commit:        61 (Hash: e07c45fc, Miner: 20f38057), Admin count: 1, Miner count: 1, Ledger Rows: 150
2017-10-21 18:43:53.637	Block commit:        62 (Hash: e51c8698, Miner: 20f38057), Admin count: 1, Miner count: 1, Ledger Rows: 152
2017-10-21 18:44:02.886	Block commit:        63 (Hash: b53a4e4b, Miner: 20f38057), Admin count: 1, Miner count: 1, Ledger Rows: 154
2017-10-21 18:44:07.645	Block commit:        64 (Hash: 6fd27da0, Miner: 20f38057), Admin count: 1, Miner count: 1, Ledger Rows: 156
2017-10-21 18:44:16.761	Block commit:        65 (Hash: b0a68e31, Miner: 20f38057), Admin count: 1, Miner count: 1, Ledger Rows: 158
2017-10-21 18:44:22.676	Block commit:        66 (Hash: 26f13e42, Miner: 20f38057), Admin count: 1, Miner count: 1, Ledger Rows: 160
2017-10-21 18:44:26.323	Block commit:        67 (Hash: 2b5bf6a2, Miner: 20f38057), Admin count: 1, Miner count: 1, Ledger Rows: 162
2017-10-21 18:44:29.970	Block commit:        68 (Hash: ce1bf86a, Miner: 20f38057), Admin count: 1, Miner count: 1, Ledger Rows: 164
2017-10-21 18:44:39.162	Block commit:        69 (Hash: 5e247ba5, Miner: 20f38057), Admin count: 1, Miner count: 1, Ledger Rows: 166
2017-10-21 18:44:40.621	Block commit:        70 (Hash: e80c4e66, Miner: 20f38057), Admin count: 1, Miner count: 1, Ledger Rows: 168
2017-10-21 18:50:12.516	Grant: (89c3d85d-00000000-00000001-20f38057) (0-4294967295, 0), In consensus: 1, Admin count: 1, Miner count: 1
2017-10-21 18:50:12.516	Grant: (89c3d85d-20f38057-00000010-20f38057) (0-4294967295, 0), In consensus: 1, Admin count: 1, Miner count: 1
2017-10-21 18:50:12.516	Grant: (89c3d85d-20f38057-00001000-20f38057) (0-4294967295, 0), In consensus: 1, Admin count: 1, Miner count: 1
2017-10-21 18:50:26.321	Mempool copy:        70, Admin count: 1, Miner count: 1, Ledger Rows: 171
2017-10-21 18:50:26.367	Mempool ramv:        70, Admin count: 1, Miner count: 1, Ledger Rows: 171
2017-10-21 18:50:26.368	Mempool copy:        70, Admin count: 1, Miner count: 1, Ledger Rows: 171
2017-10-21 18:50:26.368	Mempool clr :        70, Admin count: 1, Miner count: 1, Ledger Rows: 168
2017-10-21 18:50:26.368	Mempool rstr:        70, Admin count: 1, Miner count: 1, Ledger Rows: 171
2017-10-21 18:50:26.368	Mempool clr :        70, Admin count: 1, Miner count: 1, Ledger Rows: 168
2017-10-21 18:50:26.368	Grant: (89c3d85d-00000000-00000001-20f38057) (0-4294967295, 0), In consensus: 1, Admin count: 1, Miner count: 1
2017-10-21 18:50:26.368	Grant: (89c3d85d-20f38057-00000010-20f38057) (0-4294967295, 0), In consensus: 1, Admin count: 1, Miner count: 1
2017-10-21 18:50:26.368	Grant: (89c3d85d-20f38057-00001000-20f38057) (0-4294967295, 0), In consensus: 1, Admin count: 1, Miner count: 1
2017-10-21 18:50:26.457	Block commit:        71 (Hash: 4aef9d34, Miner: 20f38057), Admin count: 1, Miner count: 1, Ledger Rows: 173
2017-10-21 18:50:41.116	Block commit:        72 (Hash: 61cf356b, Miner: 20f38057), Admin count: 1, Miner count: 1, Ledger Rows: 175
2017-10-21 18:50:54.688	Block commit:        73 (Hash: 5bcd2352, Miner: 20f38057), Admin count: 1, Miner count: 1, Ledger Rows: 177
2017-10-21 18:51:09.384	Block commit:        74 (Hash: a0238b77, Miner: 20f38057), Admin count: 1, Miner count: 1, Ledger Rows: 179
2017-10-21 18:51:16.342	Block commit:        75 (Hash: c59f2bbc, Miner: 20f38057), Admin count: 1, Miner count: 1, Ledger Rows: 181
2017-10-21 18:51:22.256	Block commit:        76 (Hash: c2cb84e2, Miner: 20f38057), Admin count: 1, Miner count: 1, Ledger Rows: 183
2017-10-21 18:51:32.525	Block commit:        77 (Hash: effef416, Miner: 20f38057), Admin count: 1, Miner count: 1, Ledger Rows: 185
2017-10-21 18:51:38.383	Block commit:        78 (Hash: 770395e4, Miner: 20f38057), Admin count: 1, Miner count: 1, Ledger Rows: 187
2017-10-21 18:51:42.041	Block commit:        79 (Hash: 0b198710, Miner: 20f38057), Admin count: 1, Miner count: 1, Ledger Rows: 189
2017-10-21 18:51:47.890	Block commit:        80 (Hash: c1d71597, Miner: 20f38057), Admin count: 1, Miner count: 1, Ledger Rows: 191
2017-10-21 18:51:58.327	Block commit:        81 (Hash: 24e786eb, Miner: 20f38057), Admin count: 1, Miner count: 1, Ledger Rows: 193
2017-10-21 23:46:54.201	Initialize: Cannot open database
